Build started 03/04/2013 15:58:24.
     1>Project "C:\DEV\ofRoxlu\apps\ofTest\mySketch\mySketch.vcxproj" on node 2 (build target(s)).
     1>InitializeBuildStatus:
         Creating "obj\Release\mySketch.unsuccessfulbuild" because "AlwaysCreate" was specified.
       ClCompile:
         c:\Program Files (x86)\Microsoft Visual Studio 10.0\VC\bin\CL.exe /c /I..\..\..\libs\openFrameworks /I..\..\..\libs\openFrameworks\graphics /I..\..\..\libs\openFrameworks\app /I..\..\..\libs\openFrameworks\sound /I..\..\..\libs\openFrameworks\utils /I..\..\..\libs\openFrameworks\communication /I..\..\..\libs\openFrameworks\video /I..\..\..\libs\openFrameworks\types /I..\..\..\libs\openFrameworks\math /I..\..\..\libs\openFrameworks\3d /I..\..\..\libs\openFrameworks\gl /I..\..\..\libs\openFrameworks\events /I..\..\..\libs\glut\include /I..\..\..\libs\rtAudio\include /I..\..\..\libs\quicktime\include /I..\..\..\libs\freetype\include /I..\..\..\libs\freetype\include\freetype2 /I..\..\..\libs\freeImage\include /I..\..\..\libs\fmodex\include /I..\..\..\libs\videoInput\include /I..\..\..\libs\glew\include\ /I..\..\..\libs\glu\include /I..\..\..\libs\tess2\include /I..\..\..\libs\cairo\include\cairo /I..\..\..\libs\poco\include /I..\..\..\addons /I..\..\..\addons\ofxOpenNI.git\libs /I..\..\..\addons\ofxOpenNI.git\src /nologo /W3 /WX- /O2 /Oy- /D WIN32 /D NDEBUG /D _CONSOLE /D POCO_STATIC /D CAIRO_WIN32_STATIC_BUILD /D DISABLE_SOME_FLOATING_POINT /D _UNICODE /D UNICODE /Gm- /EHsc /MD /GS /fp:precise /Zc:wchar_t /Zc:forScope /Fo"obj\Release\\" /Fd"obj\Release\vc100.pdb" /Gd /TP /analyze- /errorReport:prompt src\main.cpp src\testApp.cpp
         main.cpp
     1>..\..\..\libs\openFrameworks\graphics\ofPixels.h(155): warning C4003: not enough actual parameters for macro 'max'
     1>..\..\..\libs\openFrameworks\graphics\ofPixels.h(156): warning C4003: not enough actual parameters for macro 'max'
         testApp.cpp
     1>..\..\..\libs\openFrameworks\graphics\ofPixels.h(155): warning C4003: not enough actual parameters for macro 'max'
     1>..\..\..\libs\openFrameworks\graphics\ofPixels.h(156): warning C4003: not enough actual parameters for macro 'max'
     1>src\testApp.cpp(81): error C2039: 'name' : is not a member of 'ofxOpenNIGestureEvent'
                 c:\dev\ofroxlu\addons\ofxopenni.git\src\ofxOpenNITypes.h(824) : see declaration of 'ofxOpenNIGestureEvent'
     1>src\testApp.cpp(81): error C2039: 'name' : is not a member of 'ofxOpenNIGestureEvent'
                 c:\dev\ofroxlu\addons\ofxopenni.git\src\ofxOpenNITypes.h(824) : see declaration of 'ofxOpenNIGestureEvent'
         Generating Code...
     1>Done Building Project "C:\DEV\ofRoxlu\apps\ofTest\mySketch\mySketch.vcxproj" (build target(s)) -- FAILED.

Build FAILED.

Time Elapsed 00:00:02.19
